2015-06-04 14:39:23.007+0000 WARN  [o.n.k.EmbeddedGraphDatabase]: You are using an unsupported version of the Java runtime. Please use Oracle(R) Java(TM) Runtime Environment 7 or OpenJDK(TM) 7.
2015-06-04 14:39:23.276+0000 INFO  [o.n.k.InternalAbstractGraphDatabase]: No locking implementation specified, defaulting to 'community'
2015-06-04 14:39:23.767+0000 INFO  [o.n.k.i.DiagnosticsManager]: --- INITIALIZED diagnostics START ---
2015-06-04 14:39:23.769+0000 INFO  [o.n.k.i.DiagnosticsManager]: Neo4j Kernel properties:
2015-06-04 14:39:23.787+0000 INFO  [o.n.k.i.DiagnosticsManager]: neostore.propertystore.db.strings.mapped_memory=282M
2015-06-04 14:39:23.787+0000 INFO  [o.n.k.i.DiagnosticsManager]: ephemeral=false
2015-06-04 14:39:23.787+0000 INFO  [o.n.k.i.DiagnosticsManager]: neostore.nodestore.db.mapped_memory=92M
2015-06-04 14:39:23.787+0000 INFO  [o.n.k.i.DiagnosticsManager]: store_dir=accessingdataneo4j.db
2015-06-04 14:39:23.787+0000 INFO  [o.n.k.i.DiagnosticsManager]: neostore.propertystore.db.arrays.mapped_memory=319M
2015-06-04 14:39:23.787+0000 INFO  [o.n.k.i.DiagnosticsManager]: neostore.propertystore.db.mapped_memory=331M
2015-06-04 14:39:23.787+0000 INFO  [o.n.k.i.DiagnosticsManager]: neostore.relationshipstore.db.mapped_memory=406M
2015-06-04 14:39:23.790+0000 INFO  [o.n.k.i.DiagnosticsManager]: Diagnostics providers:
2015-06-04 14:39:23.790+0000 INFO  [o.n.k.i.DiagnosticsManager]: org.neo4j.kernel.configuration.Config
2015-06-04 14:39:23.790+0000 INFO  [o.n.k.i.DiagnosticsManager]: org.neo4j.kernel.info.DiagnosticsManager
2015-06-04 14:39:23.790+0000 INFO  [o.n.k.i.DiagnosticsManager]: SYSTEM_MEMORY
2015-06-04 14:39:23.790+0000 INFO  [o.n.k.i.DiagnosticsManager]: JAVA_MEMORY
2015-06-04 14:39:23.790+0000 INFO  [o.n.k.i.DiagnosticsManager]: OPERATING_SYSTEM
2015-06-04 14:39:23.790+0000 INFO  [o.n.k.i.DiagnosticsManager]: JAVA_VIRTUAL_MACHINE
2015-06-04 14:39:23.790+0000 INFO  [o.n.k.i.DiagnosticsManager]: CLASSPATH
2015-06-04 14:39:23.790+0000 INFO  [o.n.k.i.DiagnosticsManager]: LIBRARY_PATH
2015-06-04 14:39:23.790+0000 INFO  [o.n.k.i.DiagnosticsManager]: SYSTEM_PROPERTIES
2015-06-04 14:39:23.790+0000 INFO  [o.n.k.i.DiagnosticsManager]: NETWORK
2015-06-04 14:39:23.791+0000 INFO  [o.n.k.i.DiagnosticsManager]: System memory information:
2015-06-04 14:39:23.838+0000 INFO  [o.n.k.i.DiagnosticsManager]: Total Physical memory: 4.00 GB
2015-06-04 14:39:23.839+0000 INFO  [o.n.k.i.DiagnosticsManager]: Free Physical memory: 25.19 MB
2015-06-04 14:39:23.840+0000 INFO  [o.n.k.i.DiagnosticsManager]: Committed virtual memory: 4.74 GB
2015-06-04 14:39:23.840+0000 INFO  [o.n.k.i.DiagnosticsManager]: Total swap space: 3.00 GB
2015-06-04 14:39:23.841+0000 INFO  [o.n.k.i.DiagnosticsManager]: Free swap space: 1.45 GB
2015-06-04 14:39:23.842+0000 INFO  [o.n.k.i.DiagnosticsManager]: JVM memory information:
2015-06-04 14:39:23.842+0000 INFO  [o.n.k.i.DiagnosticsManager]: Free  memory: 49.17 MB
2015-06-04 14:39:23.843+0000 INFO  [o.n.k.i.DiagnosticsManager]: Total memory: 134.50 MB
2015-06-04 14:39:23.843+0000 INFO  [o.n.k.i.DiagnosticsManager]: Max   memory: 910.50 MB
2015-06-04 14:39:23.932+0000 INFO  [o.n.k.i.DiagnosticsManager]: Garbage Collector: PS Scavenge: [PS Eden Space, PS Survivor Space]
2015-06-04 14:39:23.933+0000 INFO  [o.n.k.i.DiagnosticsManager]: Garbage Collector: PS MarkSweep: [PS Eden Space, PS Survivor Space, PS Old Gen]
2015-06-04 14:39:23.935+0000 INFO  [o.n.k.i.DiagnosticsManager]: Memory Pool: Code Cache (Non-heap memory): committed=7.56 MB, used=7.47 MB, max=240.00 MB, threshold=0.00 B
2015-06-04 14:39:23.935+0000 INFO  [o.n.k.i.DiagnosticsManager]: Memory Pool: Metaspace (Non-heap memory): committed=17.00 MB, used=16.51 MB, max=-1.00 B, threshold=0.00 B
2015-06-04 14:39:23.936+0000 INFO  [o.n.k.i.DiagnosticsManager]: Memory Pool: Compressed Class Space (Non-heap memory): committed=2.25 MB, used=2.16 MB, max=1.00 GB, threshold=0.00 B
2015-06-04 14:39:23.936+0000 INFO  [o.n.k.i.DiagnosticsManager]: Memory Pool: PS Eden Space (Heap memory): committed=81.00 MB, used=61.41 MB, max=320.50 MB, threshold=?
2015-06-04 14:39:23.937+0000 INFO  [o.n.k.i.DiagnosticsManager]: Memory Pool: PS Survivor Space (Heap memory): committed=10.50 MB, used=2.07 MB, max=10.50 MB, threshold=?
2015-06-04 14:39:23.938+0000 INFO  [o.n.k.i.DiagnosticsManager]: Memory Pool: PS Old Gen (Heap memory): committed=43.00 MB, used=21.85 MB, max=683.00 MB, threshold=0.00 B
2015-06-04 14:39:23.938+0000 INFO  [o.n.k.i.DiagnosticsManager]: Operating system information:
2015-06-04 14:39:23.939+0000 INFO  [o.n.k.i.DiagnosticsManager]: Operating System: Mac OS X; version: 10.9.4; arch: x86_64; cpus: 4
2015-06-04 14:39:23.939+0000 INFO  [o.n.k.i.DiagnosticsManager]: Max number of file descriptors: 10240
2015-06-04 14:39:23.940+0000 INFO  [o.n.k.i.DiagnosticsManager]: Number of open file descriptors: 21
2015-06-04 14:39:23.940+0000 INFO  [o.n.k.i.DiagnosticsManager]: Process id: 4702@Mds-MacBook-Pro.local
2015-06-04 14:39:23.940+0000 INFO  [o.n.k.i.DiagnosticsManager]: Byte order: LITTLE_ENDIAN
2015-06-04 14:39:23.940+0000 INFO  [o.n.k.i.DiagnosticsManager]: Local timezone: America/Toronto
2015-06-04 14:39:23.940+0000 INFO  [o.n.k.i.DiagnosticsManager]: JVM information:
2015-06-04 14:39:23.941+0000 INFO  [o.n.k.i.DiagnosticsManager]: VM Name: Java HotSpot(TM) 64-Bit Server VM
2015-06-04 14:39:23.941+0000 INFO  [o.n.k.i.DiagnosticsManager]: VM Vendor: Oracle Corporation
2015-06-04 14:39:23.941+0000 INFO  [o.n.k.i.DiagnosticsManager]: VM Version: 25.31-b07
2015-06-04 14:39:23.947+0000 INFO  [o.n.k.i.DiagnosticsManager]: JIT compiler: HotSpot 64-Bit Tiered Compilers
2015-06-04 14:39:23.947+0000 INFO  [o.n.k.i.DiagnosticsManager]: VM Arguments: []
2015-06-04 14:39:23.947+0000 INFO  [o.n.k.i.DiagnosticsManager]: Java classpath:
2015-06-04 14:39:23.948+0000 INFO  [o.n.k.i.DiagnosticsManager]:  [loader.2] file:/System/Library/Java/Extensions/QTJava.zip
2015-06-04 14:39:23.948+0000 INFO  [o.n.k.i.DiagnosticsManager]:  [loader.2] file:/Library/Java/JavaVirtualMachines/jdk1.8.0_31.jdk/Contents/Home/jre/lib/ext/dnsns.jar
2015-06-04 14:39:23.948+0000 INFO  [o.n.k.i.DiagnosticsManager]:  [loader.2] file:/System/Library/Java/Extensions/libQTJNative.jnilib
2015-06-04 14:39:23.948+0000 INFO  [o.n.k.i.DiagnosticsManager]:  [loader.2] file:/Library/Java/JavaVirtualMachines/jdk1.8.0_31.jdk/Contents/Home/jre/lib/ext/localedata.jar
2015-06-04 14:39:23.948+0000 INFO  [o.n.k.i.DiagnosticsManager]:  [loader.2] file:/System/Library/Java/Extensions/mlibwrapper_jai.jar
2015-06-04 14:39:23.948+0000 INFO  [o.n.k.i.DiagnosticsManager]:  [bootstrap] /Library/Java/JavaVirtualMachines/jdk1.8.0_31.jdk/Contents/Home/jre/lib/resources.jar
2015-06-04 14:39:23.948+0000 INFO  [o.n.k.i.DiagnosticsManager]:  [loader.2] file:/Library/Java/JavaVirtualMachines/jdk1.8.0_31.jdk/Contents/Home/jre/lib/ext/sunjce_provider.jar
2015-06-04 14:39:23.948+0000 INFO  [o.n.k.i.DiagnosticsManager]:  [bootstrap] /Library/Java/JavaVirtualMachines/jdk1.8.0_31.jdk/Contents/Home/jre/lib/jce.jar
2015-06-04 14:39:23.948+0000 INFO  [o.n.k.i.DiagnosticsManager]:  [bootstrap] /Library/Java/JavaVirtualMachines/jdk1.8.0_31.jdk/Contents/Home/jre/lib/jsse.jar
2015-06-04 14:39:23.949+0000 INFO  [o.n.k.i.DiagnosticsManager]:  [loader.2] file:/System/Library/Java/Extensions/libJ3DUtils.jnilib
2015-06-04 14:39:23.949+0000 INFO  [o.n.k.i.DiagnosticsManager]:  [loader.2] file:/System/Library/Java/Extensions/j3daudio.jar
2015-06-04 14:39:23.949+0000 INFO  [o.n.k.i.DiagnosticsManager]:  [loader.2] file:/System/Library/Java/Extensions/AppleScriptEngine.jar
2015-06-04 14:39:23.949+0000 INFO  [o.n.k.i.DiagnosticsManager]:  [loader.2] file:/System/Library/Java/Extensions/j3dutils.jar
2015-06-04 14:39:23.949+0000 INFO  [o.n.k.i.DiagnosticsManager]:  [loader.2] file:/System/Library/Java/Extensions/jai_codec.jar
2015-06-04 14:39:23.949+0000 INFO  [o.n.k.i.DiagnosticsManager]:  [bootstrap] /Library/Java/JavaVirtualMachines/jdk1.8.0_31.jdk/Contents/Home/jre/lib/charsets.jar
2015-06-04 14:39:23.949+0000 INFO  [o.n.k.i.DiagnosticsManager]:  [loader.2] file:/Library/Java/JavaVirtualMachines/jdk1.8.0_31.jdk/Contents/Home/jre/lib/ext/sunpkcs11.jar
2015-06-04 14:39:23.949+0000 INFO  [o.n.k.i.DiagnosticsManager]:  [loader.2] file:/System/Library/Java/Extensions/vecmath.jar
2015-06-04 14:39:23.949+0000 INFO  [o.n.k.i.DiagnosticsManager]:  [classpath + loader.1] file:/Users/Murad/InStream/SpringLearningProject/SpringLearning/DataWithNeo4j/build/libs/gs-accessing-data-neo4j-0.1.0.jar
2015-06-04 14:39:23.949+0000 INFO  [o.n.k.i.DiagnosticsManager]:  [loader.2] file:/Library/Java/JavaVirtualMachines/jdk1.8.0_31.jdk/Contents/Home/jre/lib/ext/sunec.jar
2015-06-04 14:39:23.949+0000 INFO  [o.n.k.i.DiagnosticsManager]:  [loader.2] file:/System/Library/Java/Extensions/libJ3D.jnilib
2015-06-04 14:39:23.949+0000 INFO  [o.n.k.i.DiagnosticsManager]:  [loader.2] file:/usr/lib/java/libjdns_sd.jnilib
2015-06-04 14:39:23.949+0000 INFO  [o.n.k.i.DiagnosticsManager]:  [loader.2] file:/Library/Java/JavaVirtualMachines/jdk1.8.0_31.jdk/Contents/Home/jre/lib/ext/jfxrt.jar
2015-06-04 14:39:23.949+0000 INFO  [o.n.k.i.DiagnosticsManager]:  [loader.2] file:/Library/Java/JavaVirtualMachines/jdk1.8.0_31.jdk/Contents/Home/jre/lib/ext/zipfs.jar
2015-06-04 14:39:23.949+0000 INFO  [o.n.k.i.DiagnosticsManager]:  [bootstrap] /Library/Java/JavaVirtualMachines/jdk1.8.0_31.jdk/Contents/Home/jre/lib/rt.jar
2015-06-04 14:39:23.949+0000 INFO  [o.n.k.i.DiagnosticsManager]:  [loader.2] file:/System/Library/Java/Extensions/libmlib_jai.jnilib
2015-06-04 14:39:23.949+0000 INFO  [o.n.k.i.DiagnosticsManager]:  [loader.2] file:/Library/Java/JavaVirtualMachines/jdk1.8.0_31.jdk/Contents/Home/jre/lib/ext/cldrdata.jar
2015-06-04 14:39:23.949+0000 INFO  [o.n.k.i.DiagnosticsManager]:  [bootstrap] /Library/Java/JavaVirtualMachines/jdk1.8.0_31.jdk/Contents/Home/jre/lib/sunrsasign.jar
2015-06-04 14:39:23.949+0000 INFO  [o.n.k.i.DiagnosticsManager]:  [bootstrap] /Library/Java/JavaVirtualMachines/jdk1.8.0_31.jdk/Contents/Home/jre/lib/jfr.jar
2015-06-04 14:39:23.949+0000 INFO  [o.n.k.i.DiagnosticsManager]:  [bootstrap] /Library/Java/JavaVirtualMachines/jdk1.8.0_31.jdk/Contents/Home/jre/classes
2015-06-04 14:39:23.949+0000 INFO  [o.n.k.i.DiagnosticsManager]:  [loader.2] file:/System/Library/Java/Extensions/libJ3DAudio.jnilib
2015-06-04 14:39:23.949+0000 INFO  [o.n.k.i.DiagnosticsManager]:  [loader.2] file:/System/Library/Java/Extensions/libAppleScriptEngine.jnilib
2015-06-04 14:39:23.950+0000 INFO  [o.n.k.i.DiagnosticsManager]:  [loader.2] file:/System/Library/Java/Extensions/dns_sd.jar
2015-06-04 14:39:23.950+0000 INFO  [o.n.k.i.DiagnosticsManager]:  [loader.2] file:/Library/Java/JavaVirtualMachines/jdk1.8.0_31.jdk/Contents/Home/jre/lib/ext/nashorn.jar
2015-06-04 14:39:23.950+0000 INFO  [o.n.k.i.DiagnosticsManager]:  [loader.2] file:/System/Library/Java/Extensions/j3dcore.jar
2015-06-04 14:39:23.950+0000 INFO  [o.n.k.i.DiagnosticsManager]:  [loader.2] file:/System/Library/Java/Extensions/MRJToolkit.jar
2015-06-04 14:39:23.950+0000 INFO  [o.n.k.i.DiagnosticsManager]:  [loader.2] file:/System/Library/Java/Extensions/jai_core.jar
2015-06-04 14:39:23.950+0000 INFO  [o.n.k.i.DiagnosticsManager]: Library path:
2015-06-04 14:39:23.950+0000 INFO  [o.n.k.i.DiagnosticsManager]: /Users/Murad/Library/Java/Extensions
2015-06-04 14:39:23.950+0000 INFO  [o.n.k.i.DiagnosticsManager]: /Library/Java/Extensions
2015-06-04 14:39:23.950+0000 INFO  [o.n.k.i.DiagnosticsManager]: /Network/Library/Java/Extensions
2015-06-04 14:39:23.950+0000 INFO  [o.n.k.i.DiagnosticsManager]: /System/Library/Java/Extensions
2015-06-04 14:39:23.951+0000 INFO  [o.n.k.i.DiagnosticsManager]: /usr/lib/java
2015-06-04 14:39:23.951+0000 INFO  [o.n.k.i.DiagnosticsManager]: /Users/Murad/InStream/SpringLearningProject/SpringLearning/DataWithNeo4j
2015-06-04 14:39:23.951+0000 INFO  [o.n.k.i.DiagnosticsManager]: System.properties:
2015-06-04 14:39:23.951+0000 INFO  [o.n.k.i.DiagnosticsManager]: sun.boot.library.path = /Library/Java/JavaVirtualMachines/jdk1.8.0_31.jdk/Contents/Home/jre/lib
2015-06-04 14:39:23.951+0000 INFO  [o.n.k.i.DiagnosticsManager]: user.country.format = CA
2015-06-04 14:39:23.951+0000 INFO  [o.n.k.i.DiagnosticsManager]: gopherProxySet = false
2015-06-04 14:39:23.951+0000 INFO  [o.n.k.i.DiagnosticsManager]: path.separator = :
2015-06-04 14:39:23.951+0000 INFO  [o.n.k.i.DiagnosticsManager]: file.encoding.pkg = sun.io
2015-06-04 14:39:23.951+0000 INFO  [o.n.k.i.DiagnosticsManager]: user.country = US
2015-06-04 14:39:23.951+0000 INFO  [o.n.k.i.DiagnosticsManager]: sun.java.launcher = SUN_STANDARD
2015-06-04 14:39:23.951+0000 INFO  [o.n.k.i.DiagnosticsManager]: sun.os.patch.level = unknown
2015-06-04 14:39:23.951+0000 INFO  [o.n.k.i.DiagnosticsManager]: PID = 4702
2015-06-04 14:39:23.952+0000 INFO  [o.n.k.i.DiagnosticsManager]: user.dir = /Users/Murad/InStream/SpringLearningProject/SpringLearning/DataWithNeo4j
2015-06-04 14:39:23.952+0000 INFO  [o.n.k.i.DiagnosticsManager]: org.jboss.logging.provider = slf4j
2015-06-04 14:39:23.952+0000 INFO  [o.n.k.i.DiagnosticsManager]: sun.jnu.encoding = UTF-8
2015-06-04 14:39:23.952+0000 INFO  [o.n.k.i.DiagnosticsManager]: sun.management.compiler = HotSpot 64-Bit Tiered Compilers
2015-06-04 14:39:23.952+0000 INFO  [o.n.k.i.DiagnosticsManager]: http.nonProxyHosts = local|*.local|169.254/16|*.169.254/16
2015-06-04 14:39:23.952+0000 INFO  [o.n.k.i.DiagnosticsManager]: user.home = /Users/Murad
2015-06-04 14:39:23.952+0000 INFO  [o.n.k.i.DiagnosticsManager]: user.timezone = America/Toronto
2015-06-04 14:39:23.952+0000 INFO  [o.n.k.i.DiagnosticsManager]: file.encoding = UTF-8
2015-06-04 14:39:23.952+0000 INFO  [o.n.k.i.DiagnosticsManager]: user.name = Murad
2015-06-04 14:39:23.952+0000 INFO  [o.n.k.i.DiagnosticsManager]: sun.java.command = build/libs/gs-accessing-data-neo4j-0.1.0.jar
2015-06-04 14:39:23.952+0000 INFO  [o.n.k.i.DiagnosticsManager]: sun.arch.data.model = 64
2015-06-04 14:39:23.952+0000 INFO  [o.n.k.i.DiagnosticsManager]: user.language = en
2015-06-04 14:39:23.952+0000 INFO  [o.n.k.i.DiagnosticsManager]: awt.toolkit = sun.lwawt.macosx.LWCToolkit
2015-06-04 14:39:23.952+0000 INFO  [o.n.k.i.DiagnosticsManager]: file.separator = /
2015-06-04 14:39:23.952+0000 INFO  [o.n.k.i.DiagnosticsManager]: sun.io.unicode.encoding = UnicodeBig
2015-06-04 14:39:23.952+0000 INFO  [o.n.k.i.DiagnosticsManager]: sun.cpu.endian = little
2015-06-04 14:39:23.952+0000 INFO  [o.n.k.i.DiagnosticsManager]: socksNonProxyHosts = local|*.local|169.254/16|*.169.254/16
2015-06-04 14:39:23.952+0000 INFO  [o.n.k.i.DiagnosticsManager]: ftp.nonProxyHosts = local|*.local|169.254/16|*.169.254/16
2015-06-04 14:39:23.952+0000 INFO  [o.n.k.i.DiagnosticsManager]: sun.cpu.isalist = 
2015-06-04 14:39:23.953+0000 INFO  [o.n.k.i.DiagnosticsManager]: Network information:
2015-06-04 14:39:23.976+0000 INFO  [o.n.k.i.DiagnosticsManager]: Interface en1:
2015-06-04 14:39:23.977+0000 INFO  [o.n.k.i.DiagnosticsManager]:     address: fe80:0:0:0:22c9:d0ff:fed5:48bf%en1
2015-06-04 14:39:23.977+0000 INFO  [o.n.k.i.DiagnosticsManager]:     address: 192.168.0.83
2015-06-04 14:39:23.977+0000 INFO  [o.n.k.i.DiagnosticsManager]: Interface lo0:
2015-06-04 14:39:23.977+0000 INFO  [o.n.k.i.DiagnosticsManager]:     address: fe80:0:0:0:0:0:0:1%lo0
2015-06-04 14:39:23.977+0000 INFO  [o.n.k.i.DiagnosticsManager]:     address: 0:0:0:0:0:0:0:1
2015-06-04 14:39:23.977+0000 INFO  [o.n.k.i.DiagnosticsManager]:     address: 127.0.0.1
2015-06-04 14:39:23.977+0000 INFO  [o.n.k.i.DiagnosticsManager]: --- INITIALIZED diagnostics END ---
2015-06-04 14:39:25.227+0000 INFO  [o.n.k.i.n.s.StoreFactory]: Creating new db @ accessingdataneo4j.db/neostore
2015-06-04 14:39:25.624+0000 INFO  [o.n.k.i.n.s.StoreFactory]: [accessingdataneo4j.db/neostore.relationshiptypestore.db.names] brickCount=0 brickSize=0b mappedMem=0b (storeSize=38b)
2015-06-04 14:39:25.626+0000 INFO  [o.n.k.i.n.s.StoreFactory]: [accessingdataneo4j.db/neostore.relationshiptypestore.db] brickCount=0 brickSize=0b mappedMem=0b (storeSize=0b)
2015-06-04 14:39:25.626+0000 INFO  [o.n.k.i.n.s.StoreFactory]: accessingdataneo4j.db/neostore.relationshiptypestore.db.names hit=0 miss=0 switches=0 ooe=0
2015-06-04 14:39:25.628+0000 INFO  [o.n.k.i.n.s.StoreFactory]: accessingdataneo4j.db/neostore.relationshiptypestore.db hit=0 miss=0 switches=0 ooe=0
2015-06-04 14:39:25.632+0000 INFO  [o.n.k.i.n.s.StoreFactory]: [accessingdataneo4j.db/neostore.labeltokenstore.db.names] brickCount=0 brickSize=0b mappedMem=0b (storeSize=38b)
2015-06-04 14:39:25.633+0000 INFO  [o.n.k.i.n.s.StoreFactory]: [accessingdataneo4j.db/neostore.labeltokenstore.db] brickCount=0 brickSize=0b mappedMem=0b (storeSize=0b)
2015-06-04 14:39:25.633+0000 INFO  [o.n.k.i.n.s.StoreFactory]: accessingdataneo4j.db/neostore.labeltokenstore.db.names hit=0 miss=0 switches=0 ooe=0
2015-06-04 14:39:25.635+0000 INFO  [o.n.k.i.n.s.StoreFactory]: accessingdataneo4j.db/neostore.labeltokenstore.db hit=0 miss=0 switches=0 ooe=0
2015-06-04 14:39:25.642+0000 INFO  [o.n.k.i.n.s.StoreFactory]: [accessingdataneo4j.db/neostore.relationshiptypestore.db.names] brickCount=0 brickSize=0b mappedMem=0b (storeSize=38b)
2015-06-04 14:39:25.643+0000 INFO  [o.n.k.i.n.s.StoreFactory]: [accessingdataneo4j.db/neostore.relationshiptypestore.db] brickCount=0 brickSize=0b mappedMem=0b (storeSize=0b)
2015-06-04 14:39:25.643+0000 INFO  [o.n.k.i.n.s.StoreFactory]: [accessingdataneo4j.db/neostore.labeltokenstore.db.names] brickCount=0 brickSize=0b mappedMem=0b (storeSize=38b)
2015-06-04 14:39:25.643+0000 INFO  [o.n.k.i.n.s.StoreFactory]: [accessingdataneo4j.db/neostore.labeltokenstore.db] brickCount=0 brickSize=0b mappedMem=0b (storeSize=0b)
2015-06-04 14:39:25.644+0000 INFO  [o.n.k.i.n.s.StoreFactory]: [accessingdataneo4j.db/neostore.propertystore.db.strings] brickCount=0 brickSize=295680b mappedMem=295698432b (storeSize=128b)
2015-06-04 14:39:25.644+0000 INFO  [o.n.k.i.n.s.StoreFactory]: [accessingdataneo4j.db/neostore.propertystore.db.index.keys] brickCount=0 brickSize=0b mappedMem=0b (storeSize=38b)
2015-06-04 14:39:25.644+0000 INFO  [o.n.k.i.n.s.StoreFactory]: [accessingdataneo4j.db/neostore.propertystore.db.index] brickCount=0 brickSize=0b mappedMem=0b (storeSize=0b)
2015-06-04 14:39:25.645+0000 INFO  [o.n.k.i.n.s.StoreFactory]: [accessingdataneo4j.db/neostore.propertystore.db.arrays] brickCount=0 brickSize=334464b mappedMem=334495744b (storeSize=128b)
2015-06-04 14:39:25.648+0000 INFO  [o.n.k.i.n.s.StoreFactory]: [accessingdataneo4j.db/neostore.propertystore.db] brickCount=0 brickSize=3470773b mappedMem=347078656b (storeSize=0b)
2015-06-04 14:39:25.672+0000 INFO  [o.n.k.i.n.s.StoreFactory]: [accessingdataneo4j.db/neostore.relationshipstore.db] brickCount=0 brickSize=4257208b mappedMem=425721856b (storeSize=0b)
2015-06-04 14:39:25.673+0000 INFO  [o.n.k.i.n.s.StoreFactory]: [accessingdataneo4j.db/neostore.nodestore.db.labels] brickCount=0 brickSize=0b mappedMem=0b (storeSize=68b)
2015-06-04 14:39:25.676+0000 INFO  [o.n.k.i.n.s.StoreFactory]: [accessingdataneo4j.db/neostore.nodestore.db] brickCount=0 brickSize=964680b mappedMem=96468992b (storeSize=0b)
2015-06-04 14:39:25.676+0000 INFO  [o.n.k.i.n.s.StoreFactory]: [accessingdataneo4j.db/neostore.schemastore.db] brickCount=0 brickSize=0b mappedMem=0b (storeSize=64b)
2015-06-04 14:39:25.679+0000 INFO  [o.n.k.i.n.s.StoreFactory]: [accessingdataneo4j.db/neostore.relationshipgroupstore.db] brickCount=0 brickSize=0b mappedMem=0b (storeSize=25b)
2015-06-04 14:39:25.680+0000 INFO  [o.n.k.i.n.s.StoreFactory]: [accessingdataneo4j.db/neostore] brickCount=0 brickSize=0b mappedMem=0b (storeSize=0b)
2015-06-04 14:39:25.685+0000 INFO  [o.n.k.i.n.s.StoreFactory]: accessingdataneo4j.db/neostore.relationshiptypestore.db.names hit=0 miss=0 switches=0 ooe=0
2015-06-04 14:39:25.687+0000 INFO  [o.n.k.i.n.s.StoreFactory]: accessingdataneo4j.db/neostore.relationshiptypestore.db hit=0 miss=0 switches=0 ooe=0
2015-06-04 14:39:25.706+0000 INFO  [o.n.k.i.n.s.StoreFactory]: accessingdataneo4j.db/neostore.labeltokenstore.db.names hit=0 miss=0 switches=0 ooe=0
2015-06-04 14:39:25.708+0000 INFO  [o.n.k.i.n.s.StoreFactory]: accessingdataneo4j.db/neostore.labeltokenstore.db hit=0 miss=0 switches=0 ooe=0
2015-06-04 14:39:25.709+0000 INFO  [o.n.k.i.n.s.StoreFactory]: accessingdataneo4j.db/neostore.propertystore.db.strings hit=0 miss=0 switches=0 ooe=0
2015-06-04 14:39:25.710+0000 INFO  [o.n.k.i.n.s.StoreFactory]: accessingdataneo4j.db/neostore.propertystore.db.index.keys hit=0 miss=0 switches=0 ooe=0
2015-06-04 14:39:25.712+0000 INFO  [o.n.k.i.n.s.StoreFactory]: accessingdataneo4j.db/neostore.propertystore.db.index hit=0 miss=0 switches=0 ooe=0
2015-06-04 14:39:25.714+0000 INFO  [o.n.k.i.n.s.StoreFactory]: accessingdataneo4j.db/neostore.propertystore.db.arrays hit=0 miss=0 switches=0 ooe=0
2015-06-04 14:39:25.715+0000 INFO  [o.n.k.i.n.s.StoreFactory]: accessingdataneo4j.db/neostore.propertystore.db hit=0 miss=0 switches=0 ooe=0
2015-06-04 14:39:25.716+0000 INFO  [o.n.k.i.n.s.StoreFactory]: accessingdataneo4j.db/neostore.relationshipstore.db hit=0 miss=0 switches=0 ooe=0
2015-06-04 14:39:25.718+0000 INFO  [o.n.k.i.n.s.StoreFactory]: accessingdataneo4j.db/neostore.nodestore.db.labels hit=0 miss=0 switches=0 ooe=0
2015-06-04 14:39:25.719+0000 INFO  [o.n.k.i.n.s.StoreFactory]: accessingdataneo4j.db/neostore.nodestore.db hit=0 miss=0 switches=0 ooe=0
2015-06-04 14:39:25.734+0000 INFO  [o.n.k.i.n.s.StoreFactory]: accessingdataneo4j.db/neostore.schemastore.db hit=0 miss=0 switches=0 ooe=0
2015-06-04 14:39:25.736+0000 INFO  [o.n.k.i.n.s.StoreFactory]: accessingdataneo4j.db/neostore.relationshipgroupstore.db hit=0 miss=0 switches=0 ooe=0
2015-06-04 14:39:25.768+0000 INFO  [o.n.k.i.n.s.StoreFactory]: accessingdataneo4j.db/neostore hit=0 miss=10 switches=0 ooe=0
2015-06-04 14:39:25.835+0000 INFO  [o.n.k.i.n.s.StoreFactory]: [accessingdataneo4j.db/neostore.relationshiptypestore.db.names] brickCount=0 brickSize=0b mappedMem=0b (storeSize=38b)
2015-06-04 14:39:25.836+0000 INFO  [o.n.k.i.n.s.StoreFactory]: [accessingdataneo4j.db/neostore.relationshiptypestore.db] brickCount=0 brickSize=0b mappedMem=0b (storeSize=0b)
2015-06-04 14:39:25.836+0000 INFO  [o.n.k.i.n.s.StoreFactory]: [accessingdataneo4j.db/neostore.labeltokenstore.db.names] brickCount=0 brickSize=0b mappedMem=0b (storeSize=38b)
2015-06-04 14:39:25.836+0000 INFO  [o.n.k.i.n.s.StoreFactory]: [accessingdataneo4j.db/neostore.labeltokenstore.db] brickCount=0 brickSize=0b mappedMem=0b (storeSize=0b)
2015-06-04 14:39:25.837+0000 INFO  [o.n.k.i.n.s.StoreFactory]: [accessingdataneo4j.db/neostore.propertystore.db.strings] brickCount=0 brickSize=295680b mappedMem=295698432b (storeSize=128b)
2015-06-04 14:39:25.837+0000 INFO  [o.n.k.i.n.s.StoreFactory]: [accessingdataneo4j.db/neostore.propertystore.db.index.keys] brickCount=0 brickSize=0b mappedMem=0b (storeSize=38b)
2015-06-04 14:39:25.837+0000 INFO  [o.n.k.i.n.s.StoreFactory]: [accessingdataneo4j.db/neostore.propertystore.db.index] brickCount=0 brickSize=0b mappedMem=0b (storeSize=0b)
2015-06-04 14:39:25.838+0000 INFO  [o.n.k.i.n.s.StoreFactory]: [accessingdataneo4j.db/neostore.propertystore.db.arrays] brickCount=0 brickSize=334464b mappedMem=334495744b (storeSize=128b)
2015-06-04 14:39:25.838+0000 INFO  [o.n.k.i.n.s.StoreFactory]: [accessingdataneo4j.db/neostore.propertystore.db] brickCount=0 brickSize=3470773b mappedMem=347078656b (storeSize=0b)
2015-06-04 14:39:25.839+0000 INFO  [o.n.k.i.n.s.StoreFactory]: [accessingdataneo4j.db/neostore.relationshipstore.db] brickCount=0 brickSize=4257208b mappedMem=425721856b (storeSize=0b)
2015-06-04 14:39:25.839+0000 INFO  [o.n.k.i.n.s.StoreFactory]: [accessingdataneo4j.db/neostore.nodestore.db.labels] brickCount=0 brickSize=0b mappedMem=0b (storeSize=68b)
2015-06-04 14:39:25.839+0000 INFO  [o.n.k.i.n.s.StoreFactory]: [accessingdataneo4j.db/neostore.nodestore.db] brickCount=0 brickSize=964680b mappedMem=96468992b (storeSize=0b)
2015-06-04 14:39:25.840+0000 INFO  [o.n.k.i.n.s.StoreFactory]: [accessingdataneo4j.db/neostore.schemastore.db] brickCount=0 brickSize=0b mappedMem=0b (storeSize=64b)
2015-06-04 14:39:25.840+0000 INFO  [o.n.k.i.n.s.StoreFactory]: [accessingdataneo4j.db/neostore.relationshipgroupstore.db] brickCount=0 brickSize=0b mappedMem=0b (storeSize=25b)
2015-06-04 14:39:25.840+0000 INFO  [o.n.k.i.n.s.StoreFactory]: [accessingdataneo4j.db/neostore] brickCount=0 brickSize=0b mappedMem=0b (storeSize=81b)
2015-06-04 14:39:26.579+0000 INFO  [o.n.k.a.i.i.LuceneLabelScanStore]: No lucene scan store index found, this might just be first use. Preparing to rebuild.
2015-06-04 14:39:27.031+0000 INFO  [o.n.k.a.i.i.LuceneLabelScanStore]: No lucene scan store index found, this might just be first use. Preparing to rebuild.
2015-06-04 14:39:28.369+0000 INFO  [o.n.k.i.t.x.XaLogicalLog]: Opened logical log [accessingdataneo4j.db/nioneo_logical.log.1] version=0, lastTxId=1 (clean)
2015-06-04 14:39:28.510+0000 INFO  [o.n.k.a.i.i.LuceneLabelScanStore]: Rebuilding lucene scan store, this may take a while
2015-06-04 14:39:28.537+0000 INFO  [o.n.k.a.i.i.LuceneLabelScanStore]: Lucene scan store rebuilt (roughly -1 nodes)
2015-06-04 14:39:28.576+0000 INFO  [o.n.k.i.t.TxManager]: TM new log: tm_tx_log.1
2015-06-04 14:39:28.610+0000 INFO  [o.n.k.i.t.KernelHealth]: Kernel health set to OK
2015-06-04 14:39:28.682+0000 INFO  [o.n.k.i.t.x.XaLogicalLog]: Opened logical log [accessingdataneo4j.db/index/lucene.log.1] version=0, lastTxId=1 (clean)
2015-06-04 14:39:28.751+0000 INFO  [o.n.k.i.DiagnosticsManager]: --- STARTED diagnostics for KernelDiagnostics:Versions START ---
2015-06-04 14:39:28.751+0000 INFO  [o.n.k.i.DiagnosticsManager]: Graph Database: org.neo4j.kernel.EmbeddedGraphDatabase StoreId{creationTime=1433428765396, randomId=-5234270104107644788, storeVersion=14406081294923270, upgradeTime=1433428765396, upgradeId=-5234270104107644788}
2015-06-04 14:39:28.751+0000 INFO  [o.n.k.i.DiagnosticsManager]: Kernel version: Neo4j - Graph Database Kernel (neo4j-kernel), version: 2.1.5
2015-06-04 14:39:28.751+0000 INFO  [o.n.k.i.DiagnosticsManager]: Neo4j component versions:
2015-06-04 14:39:28.756+0000 INFO  [o.n.k.i.DiagnosticsManager]:   Neo4j - Cypher Compiler 1.9 (neo4j-cypher-compiler-1.9), version: 2.0.3; revision: 2.0.3:2.0-maint:72/307c563c11b75fdc71cfa6df05daf9b08d6c37dc
2015-06-04 14:39:28.756+0000 INFO  [o.n.k.i.DiagnosticsManager]:   Neo4j Community (neo4j), version: 2.1.5; revision: 2.1.5:2.1-maint:529/45c3cc04946c2b0e243e48c8252e40cb85931744
2015-06-04 14:39:28.757+0000 INFO  [o.n.k.i.DiagnosticsManager]:   Neo4j - Cypher Commons (neo4j-cypher-commons), version: 2.1.5; revision: 2.1.5:2.1-maint:529/45c3cc04946c2b0e243e48c8252e40cb85931744
2015-06-04 14:39:28.757+0000 INFO  [o.n.k.i.DiagnosticsManager]:   neo4j-udc, version: 2.1.5; revision: 2.1.5:2.1-maint:529/45c3cc04946c2b0e243e48c8252e40cb85931744
2015-06-04 14:39:28.757+0000 INFO  [o.n.k.i.DiagnosticsManager]:   Neo4j - Lucene Index (neo4j-lucene-index), version: 2.1.5; revision: 2.1.5:2.1-maint:529/45c3cc04946c2b0e243e48c8252e40cb85931744
2015-06-04 14:39:28.757+0000 INFO  [o.n.k.i.DiagnosticsManager]:   Neo4j - Cypher Compiler 2.0 (neo4j-cypher-compiler-2.0), version: 2.0.3; revision: 2.0.3:2.0-maint:72/307c563c11b75fdc71cfa6df05daf9b08d6c37dc
2015-06-04 14:39:28.757+0000 INFO  [o.n.k.i.DiagnosticsManager]:   Neo4j - Graph Database Kernel (neo4j-kernel), version: 2.1.5; revision: 2.1.5:2.1-maint:529/45c3cc04946c2b0e243e48c8252e40cb85931744
2015-06-04 14:39:28.757+0000 INFO  [o.n.k.i.DiagnosticsManager]:   Neo4j - Graph Matching (neo4j-graph-matching), version: 2.1.5; revision: 2.1.5:2.1-maint:529/45c3cc04946c2b0e243e48c8252e40cb85931744
2015-06-04 14:39:28.757+0000 INFO  [o.n.k.i.DiagnosticsManager]:   Neo4j - JMX support (neo4j-jmx), version: 2.1.5; revision: 2.1.5:2.1-maint:529/45c3cc04946c2b0e243e48c8252e40cb85931744
2015-06-04 14:39:28.757+0000 INFO  [o.n.k.i.DiagnosticsManager]:   Neo4j - Cypher (neo4j-cypher), version: 2.1.5; revision: 2.1.5:2.1-maint:529/45c3cc04946c2b0e243e48c8252e40cb85931744
2015-06-04 14:39:28.757+0000 INFO  [o.n.k.i.DiagnosticsManager]:   Neo4j - Graph Algorithms (neo4j-graph-algo), version: 2.1.5; revision: 2.1.5:2.1-maint:529/45c3cc04946c2b0e243e48c8252e40cb85931744
2015-06-04 14:39:28.757+0000 INFO  [o.n.k.i.DiagnosticsManager]: --- STARTED diagnostics for KernelDiagnostics:Versions END ---
2015-06-04 14:39:28.786+0000 INFO  [o.n.k.i.DiagnosticsManager]: --- STARTED diagnostics for NEO_STORE_VERSIONS START ---
2015-06-04 14:39:28.787+0000 INFO  [o.n.k.i.DiagnosticsManager]: Store versions:
2015-06-04 14:39:28.787+0000 INFO  [o.n.k.i.DiagnosticsManager]: Store versions:
2015-06-04 14:39:28.787+0000 INFO  [o.n.k.i.DiagnosticsManager]:   NeoStore v0.A.3
2015-06-04 14:39:28.788+0000 INFO  [o.n.k.i.DiagnosticsManager]:   SchemaStore v0.A.3
2015-06-04 14:39:28.788+0000 INFO  [o.n.k.i.DiagnosticsManager]:   NodeStore v0.A.3
2015-06-04 14:39:28.788+0000 INFO  [o.n.k.i.DiagnosticsManager]:   RelationshipStore v0.A.3
2015-06-04 14:39:28.788+0000 INFO  [o.n.k.i.DiagnosticsManager]:   RelationshipTypeStore v0.A.3
2015-06-04 14:39:28.788+0000 INFO  [o.n.k.i.DiagnosticsManager]:   LabelTokenStore v0.A.3
2015-06-04 14:39:28.788+0000 INFO  [o.n.k.i.DiagnosticsManager]:   PropertyStore v0.A.3
2015-06-04 14:39:28.788+0000 INFO  [o.n.k.i.DiagnosticsManager]:   PropertyIndexStore v0.A.3
2015-06-04 14:39:28.788+0000 INFO  [o.n.k.i.DiagnosticsManager]:   StringPropertyStore v0.A.3
2015-06-04 14:39:28.788+0000 INFO  [o.n.k.i.DiagnosticsManager]:   ArrayPropertyStore v0.A.3
2015-06-04 14:39:28.788+0000 INFO  [o.n.k.i.DiagnosticsManager]:   RelationshipGroupStore v0.A.3
2015-06-04 14:39:28.788+0000 INFO  [o.n.k.i.DiagnosticsManager]: --- STARTED diagnostics for NEO_STORE_VERSIONS END ---
2015-06-04 14:39:28.788+0000 INFO  [o.n.k.i.DiagnosticsManager]: --- STARTED diagnostics for NEO_STORE_ID_USAGE START ---
2015-06-04 14:39:28.788+0000 INFO  [o.n.k.i.DiagnosticsManager]: Id usage:
2015-06-04 14:39:28.788+0000 INFO  [o.n.k.i.DiagnosticsManager]: Id usage:
2015-06-04 14:39:28.788+0000 INFO  [o.n.k.i.DiagnosticsManager]:   SchemaStore: used=1 high=0
2015-06-04 14:39:28.788+0000 INFO  [o.n.k.i.DiagnosticsManager]:   NodeStore: used=0 high=-1
2015-06-04 14:39:28.789+0000 INFO  [o.n.k.i.DiagnosticsManager]:   RelationshipStore: used=0 high=-1
2015-06-04 14:39:28.789+0000 INFO  [o.n.k.i.DiagnosticsManager]:   RelationshipTypeStore: used=0 high=-1
2015-06-04 14:39:28.789+0000 INFO  [o.n.k.i.DiagnosticsManager]:   LabelTokenStore: used=0 high=-1
2015-06-04 14:39:28.789+0000 INFO  [o.n.k.i.DiagnosticsManager]:   PropertyStore: used=0 high=-1
2015-06-04 14:39:28.789+0000 INFO  [o.n.k.i.DiagnosticsManager]:   PropertyIndexStore: used=0 high=-1
2015-06-04 14:39:28.789+0000 INFO  [o.n.k.i.DiagnosticsManager]:   StringPropertyStore: used=1 high=0
2015-06-04 14:39:28.789+0000 INFO  [o.n.k.i.DiagnosticsManager]:   ArrayPropertyStore: used=1 high=0
2015-06-04 14:39:28.789+0000 INFO  [o.n.k.i.DiagnosticsManager]:   RelationshipGroupStore: used=1 high=0
2015-06-04 14:39:28.789+0000 INFO  [o.n.k.i.DiagnosticsManager]: --- STARTED diagnostics for NEO_STORE_ID_USAGE END ---
2015-06-04 14:39:28.790+0000 INFO  [o.n.k.i.DiagnosticsManager]: --- STARTED diagnostics for PERSISTENCE_WINDOW_POOL_STATS START ---
2015-06-04 14:39:28.790+0000 INFO  [o.n.k.i.DiagnosticsManager]: --- STARTED diagnostics for PERSISTENCE_WINDOW_POOL_STATS END ---
2015-06-04 14:39:28.790+0000 INFO  [o.n.k.i.DiagnosticsManager]: --- STARTED diagnostics for KernelDiagnostics:StoreFiles START ---
2015-06-04 14:39:28.791+0000 INFO  [o.n.k.i.DiagnosticsManager]: Disk space on partition (Total / Free / Free %): 499248103424 / 293147250688 / 58
Storage files: (filename : modification date - size)
2015-06-04 14:39:28.793+0000 INFO  [o.n.k.i.DiagnosticsManager]:   active_tx_log: 2015-06-04T10:39:28-0400 - 11.00 B
2015-06-04 14:39:28.793+0000 INFO  [o.n.k.i.DiagnosticsManager]:   index:
2015-06-04 14:39:28.793+0000 INFO  [o.n.k.i.DiagnosticsManager]:     lucene-store.db: 2015-06-04T10:39:28-0400 - 40.00 B
2015-06-04 14:39:28.793+0000 INFO  [o.n.k.i.DiagnosticsManager]:     lucene.log.1: 2015-06-04T10:39:28-0400 - 16.00 B
2015-06-04 14:39:28.793+0000 INFO  [o.n.k.i.DiagnosticsManager]:     lucene.log.active: 2015-06-04T10:39:28-0400 - 4.00 B
2015-06-04 14:39:28.794+0000 INFO  [o.n.k.i.DiagnosticsManager]:   - Total: 2015-06-04T10:39:28-0400 - 60.00 B
2015-06-04 14:39:28.794+0000 INFO  [o.n.k.i.DiagnosticsManager]:   lock: 2015-06-04T10:39:25-0400 - 0.00 B
2015-06-04 14:39:28.794+0000 INFO  [o.n.k.i.DiagnosticsManager]:   messages.log: 2015-06-04T10:39:28-0400 - 31.77 kB
2015-06-04 14:39:28.795+0000 INFO  [o.n.k.i.DiagnosticsManager]:   neostore: 2015-06-04T10:39:25-0400 - 81.00 B
2015-06-04 14:39:28.795+0000 INFO  [o.n.k.i.DiagnosticsManager]:   neostore.id: 2015-06-04T10:39:25-0400 - 9.00 B
2015-06-04 14:39:28.796+0000 INFO  [o.n.k.i.DiagnosticsManager]:   neostore.labeltokenstore.db: 2015-06-04T10:39:25-0400 - 0.00 B
2015-06-04 14:39:28.796+0000 INFO  [o.n.k.i.DiagnosticsManager]:   neostore.labeltokenstore.db.id: 2015-06-04T10:39:25-0400 - 9.00 B
2015-06-04 14:39:28.796+0000 INFO  [o.n.k.i.DiagnosticsManager]:   neostore.labeltokenstore.db.names: 2015-06-04T10:39:25-0400 - 38.00 B
2015-06-04 14:39:28.796+0000 INFO  [o.n.k.i.DiagnosticsManager]:   neostore.labeltokenstore.db.names.id: 2015-06-04T10:39:25-0400 - 9.00 B
2015-06-04 14:39:28.796+0000 INFO  [o.n.k.i.DiagnosticsManager]:   neostore.nodestore.db: 2015-06-04T10:39:25-0400 - 0.00 B
2015-06-04 14:39:28.797+0000 INFO  [o.n.k.i.DiagnosticsManager]:   neostore.nodestore.db.id: 2015-06-04T10:39:25-0400 - 9.00 B
2015-06-04 14:39:28.797+0000 INFO  [o.n.k.i.DiagnosticsManager]:   neostore.nodestore.db.labels: 2015-06-04T10:39:25-0400 - 68.00 B
2015-06-04 14:39:28.797+0000 INFO  [o.n.k.i.DiagnosticsManager]:   neostore.nodestore.db.labels.id: 2015-06-04T10:39:25-0400 - 9.00 B
2015-06-04 14:39:28.797+0000 INFO  [o.n.k.i.DiagnosticsManager]:   neostore.propertystore.db: 2015-06-04T10:39:25-0400 - 0.00 B
2015-06-04 14:39:28.798+0000 INFO  [o.n.k.i.DiagnosticsManager]:   neostore.propertystore.db.arrays: 2015-06-04T10:39:25-0400 - 128.00 B
2015-06-04 14:39:28.798+0000 INFO  [o.n.k.i.DiagnosticsManager]:   neostore.propertystore.db.arrays.id: 2015-06-04T10:39:25-0400 - 9.00 B
2015-06-04 14:39:28.798+0000 INFO  [o.n.k.i.DiagnosticsManager]:   neostore.propertystore.db.id: 2015-06-04T10:39:25-0400 - 9.00 B
2015-06-04 14:39:28.798+0000 INFO  [o.n.k.i.DiagnosticsManager]:   neostore.propertystore.db.index: 2015-06-04T10:39:25-0400 - 0.00 B
2015-06-04 14:39:28.798+0000 INFO  [o.n.k.i.DiagnosticsManager]:   neostore.propertystore.db.index.id: 2015-06-04T10:39:25-0400 - 9.00 B
2015-06-04 14:39:28.799+0000 INFO  [o.n.k.i.DiagnosticsManager]:   neostore.propertystore.db.index.keys: 2015-06-04T10:39:25-0400 - 38.00 B
2015-06-04 14:39:28.799+0000 INFO  [o.n.k.i.DiagnosticsManager]:   neostore.propertystore.db.index.keys.id: 2015-06-04T10:39:25-0400 - 9.00 B
2015-06-04 14:39:28.799+0000 INFO  [o.n.k.i.DiagnosticsManager]:   neostore.propertystore.db.strings: 2015-06-04T10:39:25-0400 - 128.00 B
2015-06-04 14:39:28.799+0000 INFO  [o.n.k.i.DiagnosticsManager]:   neostore.propertystore.db.strings.id: 2015-06-04T10:39:25-0400 - 9.00 B
2015-06-04 14:39:28.800+0000 INFO  [o.n.k.i.DiagnosticsManager]:   neostore.relationshipgroupstore.db: 2015-06-04T10:39:25-0400 - 25.00 B
2015-06-04 14:39:28.800+0000 INFO  [o.n.k.i.DiagnosticsManager]:   neostore.relationshipgroupstore.db.id: 2015-06-04T10:39:25-0400 - 9.00 B
2015-06-04 14:39:28.800+0000 INFO  [o.n.k.i.DiagnosticsManager]:   neostore.relationshipstore.db: 2015-06-04T10:39:25-0400 - 0.00 B
2015-06-04 14:39:28.801+0000 INFO  [o.n.k.i.DiagnosticsManager]:   neostore.relationshipstore.db.id: 2015-06-04T10:39:25-0400 - 9.00 B
2015-06-04 14:39:28.801+0000 INFO  [o.n.k.i.DiagnosticsManager]:   neostore.relationshiptypestore.db: 2015-06-04T10:39:25-0400 - 0.00 B
2015-06-04 14:39:28.801+0000 INFO  [o.n.k.i.DiagnosticsManager]:   neostore.relationshiptypestore.db.id: 2015-06-04T10:39:25-0400 - 9.00 B
2015-06-04 14:39:28.801+0000 INFO  [o.n.k.i.DiagnosticsManager]:   neostore.relationshiptypestore.db.names: 2015-06-04T10:39:25-0400 - 38.00 B
2015-06-04 14:39:28.802+0000 INFO  [o.n.k.i.DiagnosticsManager]:   neostore.relationshiptypestore.db.names.id: 2015-06-04T10:39:25-0400 - 9.00 B
2015-06-04 14:39:28.802+0000 INFO  [o.n.k.i.DiagnosticsManager]:   neostore.schemastore.db: 2015-06-04T10:39:25-0400 - 64.00 B
2015-06-04 14:39:28.802+0000 INFO  [o.n.k.i.DiagnosticsManager]:   neostore.schemastore.db.id: 2015-06-04T10:39:25-0400 - 9.00 B
2015-06-04 14:39:28.802+0000 INFO  [o.n.k.i.DiagnosticsManager]:   nioneo_logical.log.1: 2015-06-04T10:39:28-0400 - 16.00 B
2015-06-04 14:39:28.803+0000 INFO  [o.n.k.i.DiagnosticsManager]:   nioneo_logical.log.active: 2015-06-04T10:39:28-0400 - 4.00 B
2015-06-04 14:39:28.803+0000 INFO  [o.n.k.i.DiagnosticsManager]:   schema:
2015-06-04 14:39:28.803+0000 INFO  [o.n.k.i.DiagnosticsManager]:     label:
2015-06-04 14:39:28.803+0000 INFO  [o.n.k.i.DiagnosticsManager]:       lucene:
2015-06-04 14:39:28.804+0000 INFO  [o.n.k.i.DiagnosticsManager]:         write.lock: 2015-06-04T10:39:27-0400 - 0.00 B
2015-06-04 14:39:28.804+0000 INFO  [o.n.k.i.DiagnosticsManager]:       - Total: 2015-06-04T10:39:27-0400 - 0.00 B
2015-06-04 14:39:28.804+0000 INFO  [o.n.k.i.DiagnosticsManager]:     - Total: 2015-06-04T10:39:27-0400 - 0.00 B
2015-06-04 14:39:28.804+0000 INFO  [o.n.k.i.DiagnosticsManager]:   - Total: 2015-06-04T10:39:26-0400 - 0.00 B
2015-06-04 14:39:28.804+0000 INFO  [o.n.k.i.DiagnosticsManager]:   store_lock: 2015-06-04T10:39:25-0400 - 0.00 B
2015-06-04 14:39:28.805+0000 INFO  [o.n.k.i.DiagnosticsManager]:   tm_tx_log.1: 2015-06-04T10:39:28-0400 - 0.00 B
2015-06-04 14:39:28.805+0000 INFO  [o.n.k.i.DiagnosticsManager]: --- STARTED diagnostics for KernelDiagnostics:StoreFiles END ---
2015-06-04 14:39:29.083+0000 INFO  [o.n.k.EmbeddedGraphDatabase]: Database is now ready
2015-06-04 14:39:46.790+0000 INFO  [o.n.k.EmbeddedGraphDatabase]: Shutdown started
2015-06-04 14:39:46.805+0000 INFO  [o.n.k.EmbeddedGraphDatabase]: Database is now unavailable
2015-06-04 14:39:46.848+0000 INFO  [o.n.k.i.t.x.XaLogicalLog]: Closed log accessingdataneo4j.db/index/lucene.log
2015-06-04 14:39:46.872+0000 INFO  [o.n.k.i.t.TxManager]: TM shutting down
2015-06-04 14:39:46.890+0000 INFO  [o.n.k.i.t.x.XaLogicalLog]: Closed log accessingdataneo4j.db/nioneo_logical.log
2015-06-04 14:39:46.893+0000 INFO  [o.n.k.i.n.s.StoreFactory]: accessingdataneo4j.db/neostore.relationshiptypestore.db.names hit=0 miss=1 switches=0 ooe=0
2015-06-04 14:39:46.895+0000 INFO  [o.n.k.i.n.s.StoreFactory]: accessingdataneo4j.db/neostore.relationshiptypestore.db hit=0 miss=1 switches=0 ooe=0
2015-06-04 14:39:46.897+0000 INFO  [o.n.k.i.n.s.StoreFactory]: accessingdataneo4j.db/neostore.labeltokenstore.db.names hit=0 miss=2 switches=0 ooe=0
2015-06-04 14:39:46.898+0000 INFO  [o.n.k.i.n.s.StoreFactory]: accessingdataneo4j.db/neostore.labeltokenstore.db hit=0 miss=2 switches=0 ooe=0
2015-06-04 14:39:46.900+0000 INFO  [o.n.k.i.n.s.StoreFactory]: accessingdataneo4j.db/neostore.propertystore.db.strings hit=0 miss=0 switches=0 ooe=0
2015-06-04 14:39:46.901+0000 INFO  [o.n.k.i.n.s.StoreFactory]: accessingdataneo4j.db/neostore.propertystore.db.index.keys hit=0 miss=1 switches=0 ooe=0
2015-06-04 14:39:46.902+0000 INFO  [o.n.k.i.n.s.StoreFactory]: accessingdataneo4j.db/neostore.propertystore.db.index hit=0 miss=1 switches=0 ooe=0
2015-06-04 14:39:46.904+0000 INFO  [o.n.k.i.n.s.StoreFactory]: accessingdataneo4j.db/neostore.propertystore.db.arrays hit=0 miss=0 switches=0 ooe=0
2015-06-04 14:39:46.905+0000 INFO  [o.n.k.i.n.s.StoreFactory]: accessingdataneo4j.db/neostore.propertystore.db hit=3 miss=0 switches=0 ooe=0
2015-06-04 14:39:46.906+0000 INFO  [o.n.k.i.n.s.StoreFactory]: accessingdataneo4j.db/neostore.relationshipstore.db hit=3 miss=0 switches=0 ooe=0
2015-06-04 14:39:46.908+0000 INFO  [o.n.k.i.n.s.StoreFactory]: accessingdataneo4j.db/neostore.nodestore.db.labels hit=0 miss=0 switches=0 ooe=0
2015-06-04 14:39:46.909+0000 INFO  [o.n.k.i.n.s.StoreFactory]: accessingdataneo4j.db/neostore.nodestore.db hit=3 miss=0 switches=0 ooe=0
2015-06-04 14:39:46.911+0000 INFO  [o.n.k.i.n.s.StoreFactory]: accessingdataneo4j.db/neostore.schemastore.db hit=0 miss=0 switches=0 ooe=0
2015-06-04 14:39:46.912+0000 INFO  [o.n.k.i.n.s.StoreFactory]: accessingdataneo4j.db/neostore.relationshipgroupstore.db hit=0 miss=0 switches=0 ooe=0
2015-06-04 14:39:46.915+0000 INFO  [o.n.k.i.n.s.StoreFactory]: accessingdataneo4j.db/neostore hit=0 miss=26 switches=0 ooe=0
2015-06-04 14:39:46.917+0000 INFO  [o.n.k.i.n.x.NeoStoreXaDataSource]: NeoStore closed
2015-06-04 14:39:46.917+0000 INFO  [o.n.k.i.DiagnosticsManager]: --- STOPPING diagnostics START ---
2015-06-04 14:39:46.917+0000 INFO  [o.n.k.i.DiagnosticsManager]: --- STOPPING diagnostics END ---
